info: ::1 - - [01/Aug/2022:02:41:33 +0000] "GET /api/v1/note/62e429776b0f0f233073f6d7 HTTP/1.1" 400 85 "-" "PostmanRuntime/7.29.2"

info: ::1 - - [01/Aug/2022:02:44:51 +0000] "GET /api/v1/note/62e429776b0f0f233073f6d7 HTTP/1.1" 400 85 "-" "PostmanRuntime/7.29.2"

info: ::1 - - [01/Aug/2022:02:48:15 +0000] "GET /api/v1/note/62e429776b0f0f233073f6d7 HTTP/1.1" 400 53 "-" "PostmanRuntime/7.29.2"

info: ::1 - - [01/Aug/2022:02:50:14 +0000] "GET /api/v1/note/62e4278cf2946341c8f3e4d7 HTTP/1.1" 200 268 "-" "PostmanRuntime/7.29.2"

info: ::1 - - [01/Aug/2022:03:11:39 +0000] "PUT /api/v1/note/62e4278cf2946341c8f3e4d7 HTTP/1.1" 200 251 "-" "PostmanRuntime/7.29.2"

info: ::1 - - [01/Aug/2022:03:26:48 +0000] "GET /api/v1/note/62e4278cf2946341c8f3e4d HTTP/1.1" 400 146 "-" "PostmanRuntime/7.29.2"

info: ::1 - - [01/Aug/2022:03:27:05 +0000] "GET /api/v1/note/62e4278cf2946341c8f3e4d7 HTTP/1.1" 200 257 "-" "PostmanRuntime/7.29.2"

info: ::1 - - [01/Aug/2022:03:28:07 +0000] "GET /api/v1/note/62e4278cf2946341c8f3e4d HTTP/1.1" 400 157 "-" "PostmanRuntime/7.29.2"

info: ::1 - - [01/Aug/2022:03:28:18 +0000] "GET /api/v1/note/62e4278cf2946341c8f3e4d7 HTTP/1.1" 200 257 "-" "PostmanRuntime/7.29.2"

info: ::1 - - [01/Aug/2022:03:29:30 +0000] "GET /api/v1/note/62e4278cf2946341c8f3e4d HTTP/1.1" 400 157 "-" "PostmanRuntime/7.29.2"

info: ::1 - - [01/Aug/2022:03:35:53 +0000] "GET /api/v1/note/62e4278cf2946341c8f3e4d HTTP/1.1" 400 146 "-" "PostmanRuntime/7.29.2"

info: ::1 - - [01/Aug/2022:03:45:48 +0000] "GET /api/v1/note/62e4278cf2946341c8f3e4d HTTP/1.1" 400 146 "-" "PostmanRuntime/7.29.2"

info: ::1 - - [01/Aug/2022:03:45:55 +0000] "GET /api/v1/note/62e4278cf2946341c8f3e4d7 HTTP/1.1" 200 257 "-" "PostmanRuntime/7.29.2"

info: ::1 - - [01/Aug/2022:03:46:41 +0000] "GET /api/v1/note/ HTTP/1.1" 404 47 "-" "PostmanRuntime/7.29.2"

info: ::1 - - [01/Aug/2022:03:46:46 +0000] "GET /api/v1/note/62e4278cf2946341c8f3e4d7 HTTP/1.1" 200 257 "-" "PostmanRuntime/7.29.2"

info: ::1 - - [01/Aug/2022:03:47:29 +0000] "DELETE /api/v1/note/62e4278cf2946341c8f3e4d7 HTTP/1.1" 200 54 "-" "PostmanRuntime/7.29.2"

info: ::1 - - [01/Aug/2022:03:49:24 +0000] "GET /api/v1/note/62e4278cf2946341c8f3e4d7 HTTP/1.1" 400 60 "-" "PostmanRuntime/7.29.2"

info: ::1 - - [01/Aug/2022:03:50:47 +0000] "GET /api/v1/note/62e429776b0f0f233073f6d7 HTTP/1.1" 400 60 "-" "PostmanRuntime/7.29.2"

info: ::1 - - [01/Aug/2022:03:51:04 +0000] "GET /api/v1/note/62e429776b0f0f233073f6d7 HTTP/1.1" 400 60 "-" "PostmanRuntime/7.29.2"

info: ::1 - - [01/Aug/2022:03:52:04 +0000] "GET /api/v1/note/62e429776b0f0f233073f6d7 HTTP/1.1" 200 269 "-" "PostmanRuntime/7.29.2"

info: ::1 - - [01/Aug/2022:03:52:21 +0000] "GET /api/v1/note/2e429776b0f0f233073f6d7 HTTP/1.1" 400 146 "-" "PostmanRuntime/7.29.2"

info: ::1 - - [01/Aug/2022:03:55:22 +0000] "DELETE /api/v1/note/62e4278cf2946341c8f3e4d7 HTTP/1.1" 200 54 "-" "PostmanRuntime/7.29.2"

info: ::1 - - [01/Aug/2022:03:56:23 +0000] "DELETE /api/v1/note/62e4278cf2946341c8f3e4d7 HTTP/1.1" 200 54 "-" "PostmanRuntime/7.29.2"

info: ::1 - - [01/Aug/2022:03:57:01 +0000] "DELETE /api/v1/note/62e4278cf2946341c8f3e4d7 HTTP/1.1" 200 256 "-" "PostmanRuntime/7.29.2"

info: ::1 - - [01/Aug/2022:04:02:22 +0000] "DELETE /api/v1/note/62e4278cf2946341c8f3e4d7 HTTP/1.1" 200 54 "-" "PostmanRuntime/7.29.2"

info: ::1 - - [01/Aug/2022:04:03:56 +0000] "DELETE /api/v1/note/62e4278cf2946341c8f3e4d7 HTTP/1.1" 200 63 "-" "PostmanRuntime/7.29.2"

info: ::1 - - [01/Aug/2022:04:15:00 +0000] "GET /api/v1/note/62e4278cf2946341c8f3e4d7 HTTP/1.1" 200 257 "-" "PostmanRuntime/7.29.2"

info: ::1 - - [01/Aug/2022:04:21:33 +0000] "POST /api/v1/note/addNote HTTP/1.1" 201 249 "-" "PostmanRuntime/7.29.2"

info: ::1 - - [01/Aug/2022:04:24:38 +0000] "DELETE /api/v1/note/62e754cdce49d42180bb865b HTTP/1.1" 200 63 "-" "PostmanRuntime/7.29.2"

info: ::1 - - [01/Aug/2022:04:26:27 +0000] "DELETE /api/v1/note/62e754cdce49d42180bb865b HTTP/1.1" 200 63 "-" "PostmanRuntime/7.29.2"

info: ::1 - - [01/Aug/2022:04:28:51 +0000] "DELETE /api/v1/note/62e754cdce49d42180bb865b HTTP/1.1" 200 63 "-" "PostmanRuntime/7.29.2"

info: ::1 - - [01/Aug/2022:04:29:31 +0000] "DELETE /api/v1/note/62e754cdce49d42180bb865b HTTP/1.1" 200 63 "-" "PostmanRuntime/7.29.2"

info: ::1 - - [01/Aug/2022:04:31:42 +0000] "DELETE /api/v1/note/62e754cdce49d42180bb865b HTTP/1.1" 200 53 "-" "PostmanRuntime/7.29.2"

info: ::1 - - [01/Aug/2022:17:34:02 +0000] "GET /api/v1/note/62e754cdce49d42180bb865b HTTP/1.1" 400 101 "-" "PostmanRuntime/7.29.2"

info: ::1 - - [01/Aug/2022:17:34:29 +0000] "GET /api/v1/note/62e754cdce49d42180bb865b HTTP/1.1" 400 101 "-" "PostmanRuntime/7.29.2"

info: ::1 - - [01/Aug/2022:17:37:02 +0000] "GET /api/v1/note/62e754cdce49d42180bb865b HTTP/1.1" 400 60 "-" "PostmanRuntime/7.29.2"

info: ::1 - - [01/Aug/2022:17:38:30 +0000] "GET /api/v1/note/62e429776b0f0f233073f6d7 HTTP/1.1" 200 269 "-" "PostmanRuntime/7.29.2"

info: ::1 - - [01/Aug/2022:17:38:37 +0000] "GET /api/v1/note/62e429776b0f0f233073f6d HTTP/1.1" 400 146 "-" "PostmanRuntime/7.29.2"

info: ::1 - - [01/Aug/2022:17:38:48 +0000] "GET /api/v1/note/62e429776b0f0f233073f6d7 HTTP/1.1" 200 269 "-" "PostmanRuntime/7.29.2"

