info: ::1 - - [29/Jul/2022:18:31:40 +0000] "POST /api/v1/note/addNote HTTP/1.1" 201 261 "-" "PostmanRuntime/7.29.2"

info: ::1 - - [29/Jul/2022:18:39:51 +0000] "POST /api/v1/note/addNote HTTP/1.1" 201 262 "-" "PostmanRuntime/7.29.2"

info: ::1 - - [30/Jul/2022:09:08:09 +0000] "GET /api/v1/note/note/getAllNote HTTP/1.1" 404 47 "-" "PostmanRuntime/7.29.2"

info: ::1 - - [30/Jul/2022:09:08:21 +0000] "GET /api/v1/note/getAllNote HTTP/1.1" 201 474 "-" "PostmanRuntime/7.29.2"

info: ::1 - - [30/Jul/2022:09:11:06 +0000] "GET /api/v1/note/getAllNote HTTP/1.1" 201 474 "-" "PostmanRuntime/7.29.2"

info: ::1 - - [30/Jul/2022:10:54:05 +0000] "GET /api/v1/note/62e429776b0f0f233073f6d7 HTTP/1.1" 404 47 "-" "PostmanRuntime/7.29.2"

info: ::1 - - [30/Jul/2022:10:58:54 +0000] "GET /api/v1/note/62e429776b0f0f233073f6d7 HTTP/1.1" 404 47 "-" "PostmanRuntime/7.29.2"

info: ::1 - - [30/Jul/2022:11:00:51 +0000] "GET /api/v1/note/62e429776b0f0f233073f6d7 HTTP/1.1" 404 47 "-" "PostmanRuntime/7.29.2"

info: ::1 - - [30/Jul/2022:11:03:21 +0000] "GET /api/v1/note/62e429776b0f0f233073f6d7 HTTP/1.1" 404 47 "-" "PostmanRuntime/7.29.2"

info: ::1 - - [30/Jul/2022:11:05:57 +0000] "GET /api/v1/62e4278cf2946341c8f3e4d7 HTTP/1.1" 404 47 "-" "PostmanRuntime/7.29.2"

info: ::1 - - [30/Jul/2022:11:08:08 +0000] "GET /api/v1/note/62e4278cf2946341c8f3e4d7 HTTP/1.1" 404 47 "-" "PostmanRuntime/7.29.2"

info: ::1 - - [30/Jul/2022:11:08:18 +0000] "GET /api/v1/note/62e4278cf2946341c8f3e4d7 HTTP/1.1" 404 47 "-" "PostmanRuntime/7.29.2"

info: ::1 - - [30/Jul/2022:11:11:32 +0000] "GET /api/v1/note/_62e4278cf2946341c8f3e4d7 HTTP/1.1" 404 47 "-" "PostmanRuntime/7.29.2"

info: ::1 - - [30/Jul/2022:11:11:46 +0000] "GET /api/v1/note/62e4278cf2946341c8f3e4d7 HTTP/1.1" 404 47 "-" "PostmanRuntime/7.29.2"

info: ::1 - - [30/Jul/2022:11:13:56 +0000] "GET /api/v1/note/:62e4278cf2946341c8f3e4d7 HTTP/1.1" 404 47 "-" "PostmanRuntime/7.29.2"

info: ::1 - - [30/Jul/2022:11:15:12 +0000] "GET /api/v1/note/62e4278cf2946341c8f3e4d7 HTTP/1.1" 404 47 "-" "PostmanRuntime/7.29.2"

info: ::1 - - [30/Jul/2022:11:16:03 +0000] "GET /api/v1/note/:62e4278cf2946341c8f3e4d7 HTTP/1.1" 404 47 "-" "PostmanRuntime/7.29.2"

info: ::1 - - [30/Jul/2022:15:11:11 +0000] "GET /api/v1/note/62e4145f6baddc45c8b3b252 HTTP/1.1" 404 47 "-" "PostmanRuntime/7.29.2"

info: ::1 - - [30/Jul/2022:15:11:42 +0000] "GET /api/v1/note/62e4145f6baddc45c8b3b252 HTTP/1.1" 404 47 "-" "PostmanRuntime/7.29.2"

info: ::1 - - [30/Jul/2022:15:12:01 +0000] "GET /api/v1/note/62e4145f6baddc45c8b3b252 HTTP/1.1" 404 47 "-" "PostmanRuntime/7.29.2"

info: ::1 - - [30/Jul/2022:15:26:35 +0000] "GET /api/v1/note/62e429776b0f0f233073f6d7 HTTP/1.1" 404 47 "-" "PostmanRuntime/7.29.2"

info: ::1 - - [30/Jul/2022:15:27:52 +0000] "GET /api/v1/note/_62e429776b0f0f233073f6d7 HTTP/1.1" 404 47 "-" "PostmanRuntime/7.29.2"

info: ::1 - - [30/Jul/2022:15:33:16 +0000] "GET /api/v1/note/_62e429776b0f0f233073f6d7 HTTP/1.1" 400 85 "-" "PostmanRuntime/7.29.2"

info: ::1 - - [30/Jul/2022:15:33:28 +0000] "GET /api/v1/note/_62e429776b0f0f233073f6d7 HTTP/1.1" 400 85 "-" "PostmanRuntime/7.29.2"

info: ::1 - - [30/Jul/2022:15:34:02 +0000] "GET /api/v1/note/62e429776b0f0f233073f6d7 HTTP/1.1" 400 85 "-" "PostmanRuntime/7.29.2"

info: ::1 - - [30/Jul/2022:15:34:17 +0000] "GET /api/v1/note/62e4145f6baddc45c8b3b252 HTTP/1.1" 400 85 "-" "PostmanRuntime/7.29.2"

info: ::1 - - [30/Jul/2022:15:34:36 +0000] "GET /api/v1/note/62e429776b0f0f233073f6d7 HTTP/1.1" 400 85 "-" "PostmanRuntime/7.29.2"

