info: ::1 - - [09/Aug/2022:03:38:30 +0000] "POST /api/v1/users/forgetPassword HTTP/1.1" 404 47 "-" "PostmanRuntime/7.29.2"

info: ::1 - - [09/Aug/2022:03:39:03 +0000] "POST /api/v1/users//forgotpassword HTTP/1.1" 200 398 "-" "PostmanRuntime/7.29.2"

info: ::1 - - [09/Aug/2022:03:40:26 +0000] "GET /resetpassword/eyJhbGciOiJIUzI1NiIsInR5cCI6IkpXVCJ9.eyJlbWFpbCI6InBhbGxhdmlrQGdtYWlsLmNvbSIsIl9pZCI6IjYyZWE3ODdmMTQxMDY2MzMzODY1MjE2NiIsImlhdCI6MTY2MDAxNjMzNn0.URPBRchGDw_n8DPKNrRgS_sCMkg5BUQXFjzerylTmmc HTTP/1.1" 404 47 "-" "Mozilla/5.0 (Windows NT 10.0; Win64; x64) AppleWebKit/537.36 (KHTML, like Gecko) Chrome/104.0.0.0 Safari/537.36"

info: ::1 - - [09/Aug/2022:03:40:26 +0000] "GET /favicon.ico HTTP/1.1" 404 47 "-" "Mozilla/5.0 (Windows NT 10.0; Win64; x64) AppleWebKit/537.36 (KHTML, like Gecko) Chrome/104.0.0.0 Safari/537.36"

info: ::1 - - [09/Aug/2022:03:42:05 +0000] "POST /api/v1/users/resetpassword HTTP/1.1" 400 43 "-" "PostmanRuntime/7.29.2"

info: ::1 - - [09/Aug/2022:03:51:50 +0000] "POST /api/v1/users/resetpassword HTTP/1.1" 400 43 "-" "PostmanRuntime/7.29.2"

info: ::1 - - [09/Aug/2022:03:53:09 +0000] "POST /api/v1/users/resetpassword HTTP/1.1" 400 78 "-" "PostmanRuntime/7.29.2"

info: ::1 - - [09/Aug/2022:03:54:24 +0000] "POST /api/v1/users/resetpassword HTTP/1.1" 400 58 "-" "PostmanRuntime/7.29.2"

info: ::1 - - [09/Aug/2022:03:55:25 +0000] "POST /api/v1/users/resetpassword HTTP/1.1" 200 328 "-" "PostmanRuntime/7.29.2"

info: ::1 - - [09/Aug/2022:03:56:37 +0000] "POST /api/v1/users/login HTTP/1.1" 201 246 "-" "PostmanRuntime/7.29.2"

info: ::1 - - [09/Aug/2022:03:58:39 +0000] "POST /api/v1/users/forgetpassword HTTP/1.1" 404 47 "-" "PostmanRuntime/7.29.2"

info: ::1 - - [09/Aug/2022:03:59:01 +0000] "POST /api/v1/users/forgotpassword HTTP/1.1" 400 46 "-" "PostmanRuntime/7.29.2"

info: ::1 - - [09/Aug/2022:03:59:29 +0000] "POST /api/v1/users/forgotpassword HTTP/1.1" 400 46 "-" "PostmanRuntime/7.29.2"

info: ::1 - - [09/Aug/2022:04:01:33 +0000] "POST /api/v1/users/forgotpassword HTTP/1.1" 400 46 "-" "PostmanRuntime/7.29.2"

info: ::1 - - [09/Aug/2022:04:01:57 +0000] "POST /api/v1/users/forgotpassword HTTP/1.1" 400 46 "-" "PostmanRuntime/7.29.2"

info: ::1 - - [09/Aug/2022:04:03:37 +0000] "POST /api/v1/users/forgotpassword HTTP/1.1" 400 46 "-" "PostmanRuntime/7.29.2"

info: ::1 - - [09/Aug/2022:04:06:01 +0000] "POST /api/v1/users/forgotpassword HTTP/1.1" 400 46 "-" "PostmanRuntime/7.29.2"

info: ::1 - - [09/Aug/2022:04:06:40 +0000] "POST /api/v1/users/forgotpassword HTTP/1.1" 200 405 "-" "PostmanRuntime/7.29.2"

info: ::1 - - [09/Aug/2022:04:07:33 +0000] "GET /resetpassword/eyJhbGciOiJIUzI1NiIsInR5cCI6IkpXVCJ9.eyJlbWFpbCI6IiBwcmFjaGlzaGluZGVAZ21haWwuY29tICIsIl9pZCI6IjYyZTQxNDVmNmJhZGRjNDVjOGIzYjI1MiIsImlhdCI6MTY2MDAxNzk5NX0.GffgdMWsxqGBydnonUQMfbMvSQ5Nm9RaoJG7drr7Ys8 HTTP/1.1" 404 47 "-" "Mozilla/5.0 (Windows NT 10.0; Win64; x64) AppleWebKit/537.36 (KHTML, like Gecko) Chrome/104.0.0.0 Safari/537.36"

info: ::1 - - [09/Aug/2022:04:08:23 +0000] "PUT /api/v1/users/resetpassword HTTP/1.1" 200 332 "-" "PostmanRuntime/7.29.2"

info: ::1 - - [09/Aug/2022:04:13:43 +0000] "GET /resetpassword/eyJhbGciOiJIUzI1NiIsInR5cCI6IkpXVCJ9.eyJlbWFpbCI6IiBwcmFjaGlzaGluZGVAZ21haWwuY29tICIsIl9pZCI6IjYyZTQxNDVmNmJhZGRjNDVjOGIzYjI1MiIsImlhdCI6MTY2MDAxNzk5NX0.GffgdMWsxqGBydnonUQMfbMvSQ5Nm9RaoJG7drr7Ys8 HTTP/1.1" 404 47 "-" "Mozilla/5.0 (Windows NT 10.0; Win64; x64) AppleWebKit/537.36 (KHTML, like Gecko) Chrome/104.0.0.0 Safari/537.36"

