info: Server started at http://localhost:3000/api/v1/ {"timestamp":"2022-07-31T07:35:28.444Z"}
info: Connected to the database. {"timestamp":"2022-07-31T07:35:28.592Z"}
info: Server started at http://localhost:3000/api/v1/ {"timestamp":"2022-07-31T07:36:51.796Z"}
info: Connected to the database. {"timestamp":"2022-07-31T07:36:51.897Z"}
info: Server started at http://localhost:3000/api/v1/ {"timestamp":"2022-07-31T07:39:28.943Z"}
info: Connected to the database. {"timestamp":"2022-07-31T07:39:29.071Z"}
info: Server started at http://localhost:3000/api/v1/ {"timestamp":"2022-07-31T07:44:23.169Z"}
info: Connected to the database. {"timestamp":"2022-07-31T07:44:23.268Z"}
error: 
    status - 500 
    message - CastError: Cast to string failed for value "{ UserID: ' prachishinde@gmail.com ' }" (type Object) at path "UserID" for model "Note"
    at model.Query.exec (H:\NodeJS\fundooNotes\fundooNotes\node_modules\mongoose\lib\query.js:4498:21)
    at model.Query.Query.then (H:\NodeJS\fundooNotes\fundooNotes\node_modules\mongoose\lib\query.js:4592:15)
    at processTicksAndRejections (node:internal/process/task_queues:96:5) 
    url - /api/v1/note/getAllNote 
    method - GET 
    IP - ::1
   {"timestamp":"2022-07-31T07:44:50.683Z"}
info: Server started at http://localhost:3000/api/v1/ {"timestamp":"2022-07-31T07:50:15.802Z"}
info: Connected to the database. {"timestamp":"2022-07-31T07:50:15.878Z"}
info: Server started at http://localhost:3000/api/v1/ {"timestamp":"2022-07-31T07:56:50.107Z"}
info: Connected to the database. {"timestamp":"2022-07-31T07:56:50.181Z"}
info: Server started at http://localhost:3000/api/v1/ {"timestamp":"2022-07-31T07:58:08.218Z"}
info: Connected to the database. {"timestamp":"2022-07-31T07:58:08.298Z"}
info: Server started at http://localhost:3000/api/v1/ {"timestamp":"2022-07-31T08:07:50.191Z"}
info: Connected to the database. {"timestamp":"2022-07-31T08:07:50.296Z"}
info: Server started at http://localhost:3000/api/v1/ {"timestamp":"2022-07-31T08:11:51.777Z"}
info: Connected to the database. {"timestamp":"2022-07-31T08:11:51.867Z"}
info: Server started at http://localhost:3000/api/v1/ {"timestamp":"2022-07-31T08:48:38.200Z"}
info: Connected to the database. {"timestamp":"2022-07-31T08:48:38.334Z"}
info: Server started at http://localhost:3000/api/v1/ {"timestamp":"2022-07-31T08:58:37.897Z"}
info: Connected to the database. {"timestamp":"2022-07-31T08:58:38.080Z"}
