<<<<<<< HEAD
info: Server started at http://localhost:3000/api/v1/ {"timestamp":"2022-08-09T16:53:10.050Z"}
info: Connected to the database. {"timestamp":"2022-08-09T16:53:10.118Z"}
info: Server started at http://localhost:3000/api/v1/ {"timestamp":"2022-08-09T17:02:12.301Z"}
info: Connected to the database. {"timestamp":"2022-08-09T17:02:12.355Z"}
=======
info: Server started at http://localhost:3000/api/v1/ {"timestamp":"2022-08-09T03:28:03.052Z"}
info: Connected to the database. {"timestamp":"2022-08-09T03:28:03.142Z"}
info: Server started at http://localhost:3000/api/v1/ {"timestamp":"2022-08-09T03:28:29.317Z"}
info: Connected to the database. {"timestamp":"2022-08-09T03:28:29.399Z"}
info: Server started at http://localhost:3000/api/v1/ {"timestamp":"2022-08-09T03:43:23.853Z"}
info: Connected to the database. {"timestamp":"2022-08-09T03:43:23.950Z"}
info: Server started at http://localhost:3000/api/v1/ {"timestamp":"2022-08-09T03:51:12.607Z"}
info: Connected to the database. {"timestamp":"2022-08-09T03:51:12.688Z"}
info: Server started at http://localhost:3000/api/v1/ {"timestamp":"2022-08-09T03:53:01.393Z"}
info: Connected to the database. {"timestamp":"2022-08-09T03:53:01.468Z"}
info: Server started at http://localhost:3000/api/v1/ {"timestamp":"2022-08-09T03:54:17.392Z"}
info: Connected to the database. {"timestamp":"2022-08-09T03:54:17.474Z"}
info: Server started at http://localhost:3000/api/v1/ {"timestamp":"2022-08-09T03:55:21.143Z"}
info: Connected to the database. {"timestamp":"2022-08-09T03:55:21.222Z"}
info: Server started at http://localhost:3000/api/v1/ {"timestamp":"2022-08-09T03:58:32.679Z"}
info: Connected to the database. {"timestamp":"2022-08-09T03:58:32.769Z"}
info: Server started at http://localhost:3000/api/v1/ {"timestamp":"2022-08-09T04:01:27.474Z"}
info: Connected to the database. {"timestamp":"2022-08-09T04:01:27.547Z"}
info: Server started at http://localhost:3000/api/v1/ {"timestamp":"2022-08-09T04:03:25.760Z"}
info: Connected to the database. {"timestamp":"2022-08-09T04:03:25.833Z"}
info: Server started at http://localhost:3000/api/v1/ {"timestamp":"2022-08-09T04:05:49.039Z"}
info: Connected to the database. {"timestamp":"2022-08-09T04:05:49.110Z"}
info: Server started at http://localhost:3000/api/v1/ {"timestamp":"2022-08-09T14:55:20.328Z"}
info: Connected to the database. {"timestamp":"2022-08-09T14:55:20.388Z"}
info: Server started at http://localhost:3000/api/v1/ {"timestamp":"2022-08-09T15:30:35.908Z"}
info: Connected to the database. {"timestamp":"2022-08-09T15:30:35.966Z"}
info: Server started at http://localhost:3000/api/v1/ {"timestamp":"2022-08-09T15:34:23.377Z"}
info: Connected to the database. {"timestamp":"2022-08-09T15:34:23.441Z"}
>>>>>>> e17b3c5df30374ffc6412d7fff29d61091f16f8c
